#
# There is insufficient memory for the Java Runtime Environment to continue.
# Native memory allocation (mmap) failed to map 100663296 bytes for Failed to commit area from 0x00000000a1a00000 to 0x00000000a7a00000 of length 100663296.
# Possible reasons:
#   The system is out of physical RAM or swap space
#   The process is running with CompressedOops enabled, and the Java Heap may be blocking the growth of the native heap
# Possible solutions:
#   Reduce memory load on the system
#   Increase physical memory or swap space
#   Check if swap backing store is full
#   Decrease Java heap size (-Xmx/-Xms)
#   Decrease number of Java threads
#   Decrease Java thread stack sizes (-Xss)
#   Set larger code cache with -XX:ReservedCodeCacheSize=
# This output file may be truncated or incomplete.
#
#  Out of Memory Error (./src/hotspot/os/windows/os_windows.cpp:3303), pid=5620, tid=29340
#
# JRE version:  (11.0.8+10) (build )
# Java VM: OpenJDK 64-Bit Server VM (11.0.8+10-b944.6842174, mixed mode, sharing, tiered, compressed oops, g1 gc, windows-amd64)
# No core dump will be written. Minidumps are not enabled by default on client versions of Windows
#

---------------  S U M M A R Y ------------

Command Line: org.jetbrains.kotlin.cli.jvm.K2JVMCompiler @C:\Users\Peter McMathon\AndroidStudioProjects\JourneyOfPeace2\app\build\20210719_4922207845695605422.compiler.options

Host: AMD Ryzen 5 2500U with Radeon Vega Mobile Gfx  , 8 cores, 5G,  Windows 10 , 64 bit Build 19041 (10.0.19041.928)
Time: Mon Jul 19 15:53:17 2021 GMT Daylight Time elapsed time: 0 seconds (0d 0h 0m 0s)

---------------  T H R E A D  ---------------

Current thread (0x000001cb576a9000):  JavaThread "Unknown thread" [_thread_in_vm, id=29340, stack(0x000000823b100000,0x000000823b200000)]

Stack: [0x000000823b100000,0x000000823b200000]
Native frames: (J=compiled Java code, j=interpreted, Vv=VM code, C=native code)
V  [jvm.dll+0x5de50a]
V  [jvm.dll+0x7122f5]
V  [jvm.dll+0x71384d]
V  [jvm.dll+0x713f03]
V  [jvm.dll+0x23e728]
V  [jvm.dll+0x5db9a4]
V  [jvm.dll+0x5d0ae5]
V  [jvm.dll+0x2fb20b]
V  [jvm.dll+0x2fb17a]
V  [jvm.dll+0x2fb052]
V  [jvm.dll+0x2fff16]
V  [jvm.dll+0x348743]
V  [jvm.dll+0x348e46]
V  [jvm.dll+0x348843]
V  [jvm.dll+0x2d5d68]
V  [jvm.dll+0x2d6f07]
V  [jvm.dll+0x6f11f7]
V  [jvm.dll+0x6f29ec]
V  [jvm.dll+0x355cb9]
V  [jvm.dll+0x6d4ade]
V  [jvm.dll+0x3bdfe3]
V  [jvm.dll+0x3c0201]
C  [jli.dll+0x5373]
C  [ucrtbase.dll+0x21bb2]
C  [KERNEL32.DLL+0x17034]
C  [ntdll.dll+0x52651]


---------------  P R O C E S S  ---------------

Threads class SMR info:
_java_thread_list=0x000001cb55d351a0, length=0, elements={
}

Java Threads: ( => current thread )

Other Threads:
  0x000001cb576c2800 GCTaskThread "GC Thread#0" [stack: 0x000000823b200000,0x000000823b300000] [id=20992]
  0x000001cb576e8000 ConcurrentGCThread "G1 Main Marker" [stack: 0x000000823b300000,0x000000823b400000] [id=10660]
  0x000001cb576eb800 ConcurrentGCThread "G1 Conc#0" [stack: 0x000000823b400000,0x000000823b500000] [id=18256]

[error occurred during error reporting (printing all threads), id 0xc0000005, EXCEPTION_ACCESS_VIOLATION (0xc0000005) at pc=0x00007ff9ab7a6357]

VM state:not at safepoint (not fully initialized)

VM Mutex/Monitor currently owned by a thread:  ([mutex/lock_event])
[0x000001cb576a5440] Heap_lock - owner thread: 0x000001cb576a9000

Heap address: 0x00000000a1a00000, size: 1510 MB, Compressed Oops mode: Non-zero based: 0x00000000a1a00000
Narrow klass base: 0x0000000000000000, Narrow klass shift: 0

GC Heap History (0 events):
No events

Deoptimization events (0 events):
No events

Classes redefined (0 events):
No events

Internal exceptions (0 events):
No events

Events (1 events):
Event: 0.021 Loaded shared library C:\Program Files\Android\Android Studio\jre\bin\zip.dll


Dynamic libraries:
0x00007ff6f3950000 - 0x00007ff6f395a000 	C:\Program Files\Android\Android Studio\jre\bin\java.exe
0x00007ff9fb650000 - 0x00007ff9fb845000 	C:\WINDOWS\SYSTEM32\ntdll.dll
0x00007ff9f9780000 - 0x00007ff9f983d000 	C:\WINDOWS\System32\KERNEL32.DLL
0x00007ff9f9050000 - 0x00007ff9f9318000 	C:\WINDOWS\System32\KERNELBASE.dll
0x00007ff9f8f50000 - 0x00007ff9f9050000 	C:\WINDOWS\System32\ucrtbase.dll
0x00007ff9e8b00000 - 0x00007ff9e8b17000 	C:\Program Files\Android\Android Studio\jre\bin\VCRUNTIME140.dll
0x00007ff9e6560000 - 0x00007ff9e6579000 	C:\Program Files\Android\Android Studio\jre\bin\jli.dll
0x00007ff9e4f50000 - 0x00007ff9e51ea000 	C:\WINDOWS\WinSxS\amd64_microsoft.windows.common-controls_6595b64144ccf1df_6.0.19041.844_none_ca00b6081b84eb1d\COMCTL32.dll
0x00007ff9fb3a0000 - 0x00007ff9fb540000 	C:\WINDOWS\System32\USER32.dll
0x00007ff9faab0000 - 0x00007ff9fab4e000 	C:\WINDOWS\System32\msvcrt.dll
0x00007ff9f94d0000 - 0x00007ff9f94f2000 	C:\WINDOWS\System32\win32u.dll
0x00007ff9faa80000 - 0x00007ff9faaaa000 	C:\WINDOWS\System32\GDI32.dll
0x00007ff9f8d90000 - 0x00007ff9f8e9b000 	C:\WINDOWS\System32\gdi32full.dll
0x00007ff9f9590000 - 0x00007ff9f962d000 	C:\WINDOWS\System32\msvcp_win.dll
0x00007ff9fa5e0000 - 0x00007ff9fa610000 	C:\WINDOWS\System32\IMM32.DLL
0x00007ff9c7820000 - 0x00007ff9c78bd000 	C:\Program Files\Android\Android Studio\jre\bin\msvcp140.dll
0x00007ff9ab4c0000 - 0x00007ff9abf7c000 	C:\Program Files\Android\Android Studio\jre\bin\server\jvm.dll
0x00007ff9fb230000 - 0x00007ff9fb2dc000 	C:\WINDOWS\System32\ADVAPI32.dll
0x00007ff9fb190000 - 0x00007ff9fb22b000 	C:\WINDOWS\System32\sechost.dll
0x00007ff9faeb0000 - 0x00007ff9fafdb000 	C:\WINDOWS\System32\RPCRT4.dll
0x00007ff9f9d40000 - 0x00007ff9f9d48000 	C:\WINDOWS\System32\PSAPI.DLL
0x00007ff9d0a40000 - 0x00007ff9d0a49000 	C:\WINDOWS\SYSTEM32\WSOCK32.dll
0x00007ff9e8cf0000 - 0x00007ff9e8cfa000 	C:\WINDOWS\SYSTEM32\VERSION.dll
0x00007ff9fb540000 - 0x00007ff9fb5ab000 	C:\WINDOWS\System32\WS2_32.dll
0x00007ff9e8810000 - 0x00007ff9e8837000 	C:\WINDOWS\SYSTEM32\WINMM.dll
0x00007ff9f7660000 - 0x00007ff9f7672000 	C:\WINDOWS\SYSTEM32\kernel.appcore.dll
0x00007ff9f1ed0000 - 0x00007ff9f1ee1000 	C:\Program Files\Android\Android Studio\jre\bin\verify.dll
0x00007ff9f6c50000 - 0x00007ff9f6e34000 	C:\WINDOWS\SYSTEM32\DBGHELP.DLL
0x00007ff9f09e0000 - 0x00007ff9f0a0c000 	C:\WINDOWS\SYSTEM32\dbgcore.DLL
0x00007ff9f9630000 - 0x00007ff9f96b0000 	C:\WINDOWS\System32\bcryptPrimitives.dll
0x00007ff9ef1d0000 - 0x00007ff9ef1f9000 	C:\Program Files\Android\Android Studio\jre\bin\java.dll
0x00007ff9f3690000 - 0x00007ff9f369b000 	C:\Program Files\Android\Android Studio\jre\bin\jimage.dll
0x00007ff9edba0000 - 0x00007ff9edbb8000 	C:\Program Files\Android\Android Studio\jre\bin\zip.dll

dbghelp: loaded successfully - version: 4.0.5 - missing functions: none
symbol engine: initialized successfully - sym options: 0x614 - pdb path: .;C:\Program Files\Android\Android Studio\jre\bin;C:\WINDOWS\SYSTEM32;C:\WINDOWS\WinSxS\amd64_microsoft.windows.common-controls_6595b64144ccf1df_6.0.19041.844_none_ca00b6081b84eb1d;C:\Program Files\Android\Android Studio\jre\bin\server

VM Arguments:
java_command: org.jetbrains.kotlin.cli.jvm.K2JVMCompiler @C:\Users\Peter McMathon\AndroidStudioProjects\JourneyOfPeace2\app\build\20210719_4922207845695605422.compiler.options
java_class_path (initial): C:\Users\Peter McMathon\.gradle\caches\modules-2\files-2.1\org.jetbrains.kotlin\kotlin-compiler-embeddable\1.5.21\40ddbcae9ff100473f95370c2d589ba3fc48eed5\kotlin-compiler-embeddable-1.5.21.jar;C:\Users\Peter McMathon\.gradle\caches\modules-2\files-2.1\org.jetbrains.kotlin\kotlin-reflect\1.5.21\802f1f39735ae1eb2b75714a40fa19bb2e687e96\kotlin-reflect-1.5.21.jar;C:\Users\Peter McMathon\.gradle\caches\modules-2\files-2.1\org.jetbrains.kotlin\kotlin-stdlib\1.5.21\2f537cad7e9eeb9da73738c8812e1e4cf9b62e4e\kotlin-stdlib-1.5.21.jar;C:\Users\Peter McMathon\.gradle\caches\modules-2\files-2.1\org.jetbrains.kotlin\kotlin-script-runtime\1.5.21\96d49e89873fde985750af354b6eabb60cfa999b\kotlin-script-runtime-1.5.21.jar;C:\Users\Peter McMathon\.gradle\caches\modules-2\files-2.1\org.jetbrains.kotlin\kotlin-daemon-embeddable\1.5.21\17255809e66a940dfdf6289bccbdfb5a09f3145\kotlin-daemon-embeddable-1.5.21.jar;C:\Users\Peter McMathon\.gradle\caches\modules-2\files-2.1\org.jetbrains.intellij.deps\trove4j\1.0.20181211\216c2e14b070f334479d800987affe4054cd563f\trove4j-1.0.20181211.jar;C:\Users\Peter McMathon\.gradle\caches\modules-2\files-2.1\org.jetbrains\annotations\13.0\919f0dfe192fb4e063e7dacadee7f8bb9a2672a9\annotations-13.0.jar;C:\Users\Peter McMathon\.gradle\caches\modules-2\files-2.1\org.jetbrains.kotlin\kotlin-stdlib-common\1.5.21\cc8bf3586fd2ebcf234058b9440bb406e62dfacb\kotlin-stdlib-common-1.5.21.jar
Launcher Type: SUN_STANDARD

[Global flags]
     intx CICompilerCount                          = 4                                         {product} {ergonomic}
     uint ConcGCThreads                            = 2                                         {product} {ergonomic}
     uint G1ConcRefinementThreads                  = 8                                         {product} {ergonomic}
   size_t G1HeapRegionSize                         = 1048576                                   {product} {ergonomic}
    uintx GCDrainStackTargetSize                   = 64                                        {product} {ergonomic}
   size_t InitialHeapSize                          = 100663296                                 {product} {ergonomic}
   size_t MarkStackSize                            = 4194304                                   {product} {ergonomic}
   size_t MaxHeapSize                              = 1583349760                                {product} {ergonomic}
   size_t MinHeapDeltaBytes                        = 1048576                                   {product} {ergonomic}
    uintx NonNMethodCodeHeapSize                   = 5836300                                {pd product} {ergonomic}
    uintx NonProfiledCodeHeapSize                  = 122910970                              {pd product} {ergonomic}
    uintx ProfiledCodeHeapSize                     = 122910970                              {pd product} {ergonomic}
    uintx ReservedCodeCacheSize                    = 251658240                              {pd product} {ergonomic}
     bool SegmentedCodeCache                       = true                                      {product} {ergonomic}
     bool UseCompressedClassPointers               = true                                 {lp64_product} {ergonomic}
     bool UseCompressedOops                        = true                                 {lp64_product} {ergonomic}
     bool UseG1GC                                  = true                                      {product} {ergonomic}
     bool UseLargePagesIndividualAllocation        = false                                  {pd product} {ergonomic}

Logging:
Log output configuration:
 #0: stdout all=warning uptime,level,tags
 #1: stderr all=off uptime,level,tags

Environment Variables:
PATH=C:\Program Files\AdoptOpenJDK\jdk-8.0.265.01-hotspot\bin;C:\WINDOWS\system32;C:\WINDOWS;C:\WINDOWS\System32\Wbem;C:\WINDOWS\System32\WindowsPowerShell\v1.0\;C:\WINDOWS\System32\OpenSSH\;C:\Program Files\Microsoft SQL Server\120\Tools\Binn\;C:\Program Files\Common Files\Autodesk Shared\;C:\Program Files (x86)\Brackets\command;C:\Program Files\Git\cmd;C:\Users\Peter McMathon\AppData\Local\Microsoft\WindowsApps;;C:\Users\Peter McMathon\AppData\Local\Programs\Microsoft VS Code\bin
USERNAME=Peter McMahon
OS=Windows_NT
PROCESSOR_IDENTIFIER=AMD64 Family 23 Model 17 Stepping 0, AuthenticAMD



---------------  S Y S T E M  ---------------

OS: Windows 10 , 64 bit Build 19041 (10.0.19041.928)
OS uptime: 55 days 22:16 hours

CPU:total 8 (initial active 8) (8 cores per cpu, 2 threads per core) family 23 model 17 stepping 0, cmov, cx8, fxsr, mmx, sse, sse2, sse3, ssse3, sse4.1, sse4.2, popcnt, avx, avx2, aes, clmul, mmxext, 3dnowpref, lzcnt, sse4a, ht, tsc, tscinvbit, tscinv, bmi1, bmi2, adx, sha, fma

Memory: 4k page, system-wide physical 6037M (297M free)
TotalPageFile size 24469M (AvailPageFile size 76M)
current process WorkingSet (physical memory assigned to process): 9M, peak: 9M
current process commit charge ("private bytes"): 59M, peak: 155M

vm_info: OpenJDK 64-Bit Server VM (11.0.8+10-b944.6842174) for windows-amd64 JRE (11.0.8+10-b944.6842174), built on Sep 19 2020 01:11:42 by "builder" with MS VC++ 14.0 (VS2015)

END.
